Welcome to Warcaby!!
Brak parametrów odpalam obie symulacje
Symulacja 2 gra przeciwko sobie z tradycyjnej pozycji wyjsciowej 8x8
Półruch: #1
From (6,2) => TO(5,3)
_	b	_	b	_	b	_	b	
b	_	b	_	b	_	b	_	
_	b	_	b	_	b	_	b	
.	_	.	_	.	_	.	_	
_	.	_	.	_	W	_	.	
W	_	W	_	W	_	.	_	
_	W	_	W	_	W	_	W	
W	_	W	_	W	_	W	_	
Półruch: #2
From (7,5) => TO(6,4)
_	b	_	b	_	b	_	b	
b	_	b	_	b	_	b	_	
_	b	_	b	_	b	_	.	
.	_	.	_	.	_	b	_	
_	.	_	.	_	W	_	.	
W	_	W	_	W	_	.	_	
_	W	_	W	_	W	_	W	
W	_	W	_	W	_	W	_	
Półruch: #3
From (5,3) => TO(7,5)
_	b	_	b	_	b	_	b	
b	_	b	_	b	_	b	_	
_	b	_	b	_	b	_	W	
.	_	.	_	.	_	.	_	
_	.	_	.	_	.	_	.	
W	_	W	_	W	_	.	_	
_	W	_	W	_	W	_	W	
W	_	W	_	W	_	W	_	
Półruch: #4
From (5,5) => TO(6,4)
_	b	_	b	_	b	_	b	
b	_	b	_	b	_	b	_	
_	b	_	b	_	.	_	W	
.	_	.	_	.	_	b	_	
_	.	_	.	_	.	_	.	
W	_	W	_	W	_	.	_	
_	W	_	W	_	W	_	W	
W	_	W	_	W	_	W	_	
Półruch: #5
From (7,1) => TO(6,2)
_	b	_	b	_	b	_	b	
b	_	b	_	b	_	b	_	
_	b	_	b	_	.	_	W	
.	_	.	_	.	_	b	_	
_	.	_	.	_	.	_	.	
W	_	W	_	W	_	W	_	
_	W	_	W	_	W	_	.	
W	_	W	_	W	_	W	_	
Półruch: #6
From (6,4) => TO(5,3)
_	b	_	b	_	b	_	b	
b	_	b	_	b	_	b	_	
_	b	_	b	_	.	_	W	
.	_	.	_	.	_	.	_	
_	.	_	.	_	b	_	.	
W	_	W	_	W	_	W	_	
_	W	_	W	_	W	_	.	
W	_	W	_	W	_	W	_	
Półruch: #7
From (4,2) => TO(6,4)
_	b	_	b	_	b	_	b	
b	_	b	_	b	_	b	_	
_	b	_	b	_	.	_	W	
.	_	.	_	.	_	W	_	
_	.	_	.	_	.	_	.	
W	_	W	_	.	_	W	_	
_	W	_	W	_	W	_	.	
W	_	W	_	W	_	W	_	
Półruch: #8
From (4,6) => TO(5,5)
_	b	_	b	_	b	_	b	
b	_	b	_	.	_	b	_	
_	b	_	b	_	b	_	W	
.	_	.	_	.	_	W	_	
_	.	_	.	_	.	_	.	
W	_	W	_	.	_	W	_	
_	W	_	W	_	W	_	.	
W	_	W	_	W	_	W	_	
Półruch: #9
From (6,4) => TO(4,6)
_	b	_	b	_	b	_	b	
b	_	b	_	W	_	b	_	
_	b	_	b	_	.	_	W	
.	_	.	_	.	_	.	_	
_	.	_	.	_	.	_	.	
W	_	W	_	.	_	W	_	
_	W	_	W	_	W	_	.	
W	_	W	_	W	_	W	_	
Półruch: #10
From (3,7) => TO(5,5)
_	b	_	.	_	b	_	b	
b	_	b	_	.	_	b	_	
_	b	_	b	_	b	_	W	
.	_	.	_	.	_	.	_	
_	.	_	.	_	.	_	.	
W	_	W	_	.	_	W	_	
_	W	_	W	_	W	_	.	
W	_	W	_	W	_	W	_	
Półruch: #11
From (6,2) => TO(7,3)
_	b	_	.	_	b	_	b	
b	_	b	_	.	_	b	_	
_	b	_	b	_	b	_	W	
.	_	.	_	.	_	.	_	
_	.	_	.	_	.	_	W	
W	_	W	_	.	_	.	_	
_	W	_	W	_	W	_	.	
W	_	W	_	W	_	W	_	
Półruch: #12
From (5,7) => TO(4,6)
_	b	_	.	_	.	_	b	
b	_	b	_	b	_	b	_	
_	b	_	b	_	b	_	W	
.	_	.	_	.	_	.	_	
_	.	_	.	_	.	_	W	
W	_	W	_	.	_	.	_	
_	W	_	W	_	W	_	.	
W	_	W	_	W	_	W	_	
Półruch: #13
From (7,5) => TO(5,7)
_	b	_	.	_	W	_	b	
b	_	b	_	b	_	.	_	
_	b	_	b	_	b	_	.	
.	_	.	_	.	_	.	_	
_	.	_	.	_	.	_	W	
W	_	W	_	.	_	.	_	
_	W	_	W	_	W	_	.	
W	_	W	_	W	_	W	_	
Półruch: #14
From (5,5) => TO(6,4)
_	b	_	.	_	W	_	b	
b	_	b	_	b	_	.	_	
_	b	_	b	_	.	_	.	
.	_	.	_	.	_	b	_	
_	.	_	.	_	.	_	W	
W	_	W	_	.	_	.	_	
_	W	_	W	_	W	_	.	
W	_	W	_	W	_	W	_	
Półruch: #15
From (7,3) => TO(5,5)
_	b	_	.	_	W	_	b	
b	_	b	_	b	_	.	_	
_	b	_	b	_	W	_	.	
.	_	.	_	.	_	.	_	
_	.	_	.	_	.	_	.	
W	_	W	_	.	_	.	_	
_	W	_	W	_	W	_	.	
W	_	W	_	W	_	W	_	
Półruch: #16
From (4,6) => TO(6,4)
_	b	_	.	_	W	_	b	
b	_	b	_	.	_	.	_	
_	b	_	b	_	.	_	.	
.	_	.	_	.	_	b	_	
_	.	_	.	_	.	_	.	
W	_	W	_	.	_	.	_	
_	W	_	W	_	W	_	.	
W	_	W	_	W	_	W	_	
Półruch: #17
From (5,1) => TO(4,2)
_	b	_	.	_	W	_	b	
b	_	b	_	.	_	.	_	
_	b	_	b	_	.	_	.	
.	_	.	_	.	_	b	_	
_	.	_	.	_	.	_	.	
W	_	W	_	W	_	.	_	
_	W	_	W	_	.	_	.	
W	_	W	_	W	_	W	_	
Półruch: #18
From (7,7) => TO(6,6)
_	b	_	.	_	W	_	.	
b	_	b	_	.	_	b	_	
_	b	_	b	_	.	_	.	
.	_	.	_	.	_	b	_	
_	.	_	.	_	.	_	.	
W	_	W	_	W	_	.	_	
_	W	_	W	_	.	_	.	
W	_	W	_	W	_	W	_	
Półruch: #19
From (6,0) => TO(7,1)
_	b	_	.	_	W	_	.	
b	_	b	_	.	_	b	_	
_	b	_	b	_	.	_	.	
.	_	.	_	.	_	b	_	
_	.	_	.	_	.	_	.	
W	_	W	_	W	_	.	_	
_	W	_	W	_	.	_	W	
W	_	W	_	W	_	.	_	
Półruch: #20
From (6,6) => TO(7,5)
_	b	_	.	_	W	_	.	
b	_	b	_	.	_	.	_	
_	b	_	b	_	.	_	b	
.	_	.	_	.	_	b	_	
_	.	_	.	_	.	_	.	
W	_	W	_	W	_	.	_	
_	W	_	W	_	.	_	W	
W	_	W	_	W	_	.	_	
Półruch: #21
From (7,1) => TO(6,2)
_	b	_	.	_	W	_	.	
b	_	b	_	.	_	.	_	
_	b	_	b	_	.	_	b	
.	_	.	_	.	_	b	_	
_	.	_	.	_	.	_	.	
W	_	W	_	W	_	W	_	
_	W	_	W	_	.	_	.	
W	_	W	_	W	_	.	_	
Półruch: #22
From (6,4) => TO(7,3)
_	b	_	.	_	W	_	.	
b	_	b	_	.	_	.	_	
_	b	_	b	_	.	_	b	
.	_	.	_	.	_	.	_	
_	.	_	.	_	.	_	b	
W	_	W	_	W	_	W	_	
_	W	_	W	_	.	_	.	
W	_	W	_	W	_	.	_	
Półruch: #23
From (6,2) => TO(5,3)
_	b	_	.	_	W	_	.	
b	_	b	_	.	_	.	_	
_	b	_	b	_	.	_	b	
.	_	.	_	.	_	.	_	
_	.	_	.	_	W	_	b	
W	_	W	_	W	_	.	_	
_	W	_	W	_	.	_	.	
W	_	W	_	W	_	.	_	
Półruch: #24
From (7,5) => TO(6,4)
_	b	_	.	_	W	_	.	
b	_	b	_	.	_	.	_	
_	b	_	b	_	.	_	.	
.	_	.	_	.	_	b	_	
_	.	_	.	_	W	_	b	
W	_	W	_	W	_	.	_	
_	W	_	W	_	.	_	.	
W	_	W	_	W	_	.	_	
Półruch: #25
From (5,3) => TO(7,5)
_	b	_	.	_	W	_	.	
b	_	b	_	.	_	.	_	
_	b	_	b	_	.	_	W	
.	_	.	_	.	_	.	_	
_	.	_	.	_	.	_	b	
W	_	W	_	W	_	.	_	
_	W	_	W	_	.	_	.	
W	_	W	_	W	_	.	_	
Półruch: #26
From (3,5) => TO(4,4)
_	b	_	.	_	W	_	.	
b	_	b	_	.	_	.	_	
_	b	_	.	_	.	_	W	
.	_	.	_	b	_	.	_	
_	.	_	.	_	.	_	b	
W	_	W	_	W	_	.	_	
_	W	_	W	_	.	_	.	
W	_	W	_	W	_	.	_	
Półruch: #27
From (7,5) => TO(6,6)
_	b	_	.	_	W	_	.	
b	_	b	_	.	_	W	_	
_	b	_	.	_	.	_	.	
.	_	.	_	b	_	.	_	
_	.	_	.	_	.	_	b	
W	_	W	_	W	_	.	_	
_	W	_	W	_	.	_	.	
W	_	W	_	W	_	.	_	
Półruch: #28
From (4,4) => TO(3,3)
_	b	_	.	_	W	_	.	
b	_	b	_	.	_	W	_	
_	b	_	.	_	.	_	.	
.	_	.	_	.	_	.	_	
_	.	_	b	_	.	_	b	
W	_	W	_	W	_	.	_	
_	W	_	W	_	.	_	.	
W	_	W	_	W	_	.	_	
Półruch: #29
From (2,2) => TO(4,4)
_	b	_	.	_	W	_	.	
b	_	b	_	.	_	W	_	
_	b	_	.	_	.	_	.	
.	_	.	_	W	_	.	_	
_	.	_	.	_	.	_	b	
W	_	.	_	W	_	.	_	
_	W	_	W	_	.	_	.	
W	_	W	_	W	_	.	_	
Półruch: #30
From (2,6) => TO(3,5)
_	b	_	.	_	W	_	.	
b	_	.	_	.	_	W	_	
_	b	_	b	_	.	_	.	
.	_	.	_	W	_	.	_	
_	.	_	.	_	.	_	b	
W	_	.	_	W	_	.	_	
_	W	_	W	_	.	_	.	
W	_	W	_	W	_	.	_	
Półruch: #31
From (4,4) => TO(2,6)
_	b	_	.	_	W	_	.	
b	_	W	_	.	_	W	_	
_	b	_	.	_	.	_	.	
.	_	.	_	.	_	.	_	
_	.	_	.	_	.	_	b	
W	_	.	_	W	_	.	_	
_	W	_	W	_	.	_	.	
W	_	W	_	W	_	.	_	
Półruch: #32
From (1,7) => TO(3,5)
_	.	_	.	_	W	_	.	
b	_	.	_	.	_	W	_	
_	b	_	b	_	.	_	.	
.	_	.	_	.	_	.	_	
_	.	_	.	_	.	_	b	
W	_	.	_	W	_	.	_	
_	W	_	W	_	.	_	.	
W	_	W	_	W	_	.	_	
Półruch: #33
From (4,2) => TO(5,3)
_	.	_	.	_	W	_	.	
b	_	.	_	.	_	W	_	
_	b	_	b	_	.	_	.	
.	_	.	_	.	_	.	_	
_	.	_	.	_	W	_	b	
W	_	.	_	.	_	.	_	
_	W	_	W	_	.	_	.	
W	_	W	_	W	_	.	_	
Półruch: #34
From (3,5) => TO(4,4)
_	.	_	.	_	W	_	.	
b	_	.	_	.	_	W	_	
_	b	_	.	_	.	_	.	
.	_	.	_	b	_	.	_	
_	.	_	.	_	W	_	b	
W	_	.	_	.	_	.	_	
_	W	_	W	_	.	_	.	
W	_	W	_	W	_	.	_	
Półruch: #35
From (5,3) => TO(3,5)
_	.	_	.	_	W	_	.	
b	_	.	_	.	_	W	_	
_	b	_	W	_	.	_	.	
.	_	.	_	.	_	.	_	
_	.	_	.	_	.	_	b	
W	_	.	_	.	_	.	_	
_	W	_	W	_	.	_	.	
W	_	W	_	W	_	.	_	
Półruch: #36
From (1,5) => TO(0,4)
_	.	_	.	_	W	_	.	
b	_	.	_	.	_	W	_	
_	.	_	W	_	.	_	.	
b	_	.	_	.	_	.	_	
_	.	_	.	_	.	_	b	
W	_	.	_	.	_	.	_	
_	W	_	W	_	.	_	.	
W	_	W	_	W	_	.	_	
Półruch: #37
From (4,0) => TO(5,1)
_	.	_	.	_	W	_	.	
b	_	.	_	.	_	W	_	
_	.	_	W	_	.	_	.	
b	_	.	_	.	_	.	_	
_	.	_	.	_	.	_	b	
W	_	.	_	.	_	.	_	
_	W	_	W	_	W	_	.	
W	_	W	_	.	_	.	_	
Półruch: #38
From (0,4) => TO(1,3)
_	.	_	.	_	W	_	.	
b	_	.	_	.	_	W	_	
_	.	_	W	_	.	_	.	
.	_	.	_	.	_	.	_	
_	b	_	.	_	.	_	b	
W	_	.	_	.	_	.	_	
_	W	_	W	_	W	_	.	
W	_	W	_	.	_	.	_	
Półruch: #39
From (0,2) => TO(2,4)
_	.	_	.	_	W	_	.	
b	_	.	_	.	_	W	_	
_	.	_	W	_	.	_	.	
.	_	W	_	.	_	.	_	
_	.	_	.	_	.	_	b	
.	_	.	_	.	_	.	_	
_	W	_	W	_	W	_	.	
W	_	W	_	.	_	.	_	
Półruch: #40
From (7,3) => TO(6,2)
_	.	_	.	_	W	_	.	
b	_	.	_	.	_	W	_	
_	.	_	W	_	.	_	.	
.	_	W	_	.	_	.	_	
_	.	_	.	_	.	_	.	
.	_	.	_	.	_	b	_	
_	W	_	W	_	W	_	.	
W	_	W	_	.	_	.	_	
Półruch: #41
From (5,1) => TO(7,3)
_	.	_	.	_	W	_	.	
b	_	.	_	.	_	W	_	
_	.	_	W	_	.	_	.	
.	_	W	_	.	_	.	_	
_	.	_	.	_	.	_	W	
.	_	.	_	.	_	.	_	
_	W	_	W	_	.	_	.	
W	_	W	_	.	_	.	_	
Półruch: #42
From (0,6) => TO(1,5)
_	.	_	.	_	W	_	.	
.	_	.	_	.	_	W	_	
_	b	_	W	_	.	_	.	
.	_	W	_	.	_	.	_	
_	.	_	.	_	.	_	W	
.	_	.	_	.	_	.	_	
_	W	_	W	_	.	_	.	
W	_	W	_	.	_	.	_	
Półruch: #43
From (2,4) => TO(0,6)
_	.	_	.	_	W	_	.	
W	_	.	_	.	_	W	_	
_	.	_	W	_	.	_	.	
.	_	.	_	.	_	.	_	
_	.	_	.	_	.	_	W	
.	_	.	_	.	_	.	_	
_	W	_	W	_	.	_	.	
W	_	W	_	.	_	.	_	
Koniec gry, wygrały białe
